#
# A fatal error has been detected by the Java Runtime Environment:
#
#  EXCEPTION_ACCESS_VIOLATION (0xc0000005) at pc=0x000000007669a6a5, pid=14684, tid=8996
#
# JRE version: Java(TM) SE Runtime Environment (8.0_31-b13) (build 1.8.0_31-b13)
# Java VM: Java HotSpot(TM) 64-Bit Server VM (25.31-b07 mixed mode windows-amd64 compressed oops)
# Problematic frame:
# V  [jvm.dll+0x11a6a5]
#
# Failed to write core dump. Minidumps are not enabled by default on client versions of Windows
#
# If you would like to submit a bug report, please visit:
#   http://bugreport.java.com/bugreport/crash.jsp
#

---------------  T H R E A D  ---------------

Current thread (0x000000001ed2d000):  JavaThread "JDWP Transport Listener: dt_socket" daemon [_thread_in_vm, id=8996, stack(0x000000001f2a0000,0x000000001f3a0000)]

siginfo: ExceptionCode=0xc0000005, reading address 0xffffffffffffffff

Registers:
RAX=0x000000001f39f601, RBX=0x000000001ed2d000, RCX=0x61706d6f432f6c69, RDX=0x0000000000000000
RSP=0x000000001f39f5c0, RBP=0x61706d6f432f6c69, RSI=0x000000001f39f6d8, RDI=0x0000000002aa8850
R8 =0x000000001ed2d000, R9 =0x0000000000000001, R10=0x0000000000008000, R11=0x000000001f39f510
R12=0x0000000000000000, R13=0x000000001ed35858, R14=0x0000000000000000, R15=0x0000000000000000
RIP=0x000000007669a6a5, EFLAGS=0x0000000000010206

Top of Stack: (sp=0x000000001f39f5c0)
0x000000001f39f5c0:   000000001ed2d000 000000001ed2d000
0x000000001f39f5d0:   000000001f39f688 0000000076897c1b
0x000000001f39f5e0:   000000001ed2d000 00000000768b447d
0x000000001f39f5f0:   0000000000000000 0000000076559149
0x000000001f39f600:   000000001ee54658 0000000076562912
0x000000001f39f610:   000000001ed2d000 0000000000000000
0x000000001f39f620:   0000000000000000 0000000000000000
0x000000001f39f630:   61706d6f432f6c69 0000000076561a09
0x000000001f39f640:   000000001f39f6d8 000000001f39f6b0
0x000000001f39f650:   0000000000000001 000000001ee54658
0x000000001f39f660:   61706d6f432f6c69 00000000765453b3
0x000000001f39f670:   000000001f39f7a0 0000000000000001
0x000000001f39f680:   0000000000000001 000000001ee54658
0x000000001f39f690:   000000000000000a 0000000000000000
0x000000001f39f6a0:   0000000000000000 0000000000000000
0x000000001f39f6b0:   0000000000000001 0000000076545571 

Instructions: (pc=0x000000007669a6a5)
0x000000007669a685:   cc cc cc cc cc cc cc cc cc cc cc 48 83 ec 28 48
0x000000007669a695:   85 c9 75 07 33 c0 48 83 c4 28 c3 48 89 5c 24 20
0x000000007669a6a5:   48 8b 19 48 85 db 74 20 48 83 fb 37 74 1a 48 8b
0x000000007669a6b5:   13 48 8b cb ff 52 10 84 c0 74 0d 48 8b c3 48 8b 


Register to memory mapping:

RAX=0x000000001f39f601 is pointing into the stack for thread: 0x000000001ed2d000
RBX=0x000000001ed2d000 is a thread
RCX=0x61706d6f432f6c69 is an unknown value
RDX=0x0000000000000000 is an unknown value
RSP=0x000000001f39f5c0 is pointing into the stack for thread: 0x000000001ed2d000
RBP=0x61706d6f432f6c69 is an unknown value
RSI=0x000000001f39f6d8 is pointing into the stack for thread: 0x000000001ed2d000
RDI=0x0000000002aa8850 is an unknown value
R8 =0x000000001ed2d000 is a thread
R9 =0x0000000000000001 is an unknown value
R10=0x0000000000008000 is an unknown value
R11=0x000000001f39f510 is pointing into the stack for thread: 0x000000001ed2d000
R12=0x0000000000000000 is an unknown value
R13=0x000000001ed35858 is an unknown value
R14=0x0000000000000000 is an unknown value
R15=0x0000000000000000 is an unknown value


Stack: [0x000000001f2a0000,0x000000001f3a0000],  sp=0x000000001f39f5c0,  free space=1021k
Native frames: (J=compiled Java code, j=interpreted, Vv=VM code, C=native code)
V  [jvm.dll+0x11a6a5]
V  [jvm.dll+0x33447d]
C  [jdwp.dll+0x21a09]
C  [jdwp.dll+0x53b3]
C  [jdwp.dll+0x5571]
C  [jdwp.dll+0xf09c]
C  [jdwp.dll+0x1f2c9]
C  [jdwp.dll+0x1f49e]
V  [jvm.dll+0x1ac128]
V  [jvm.dll+0x22c194]
V  [jvm.dll+0x28576a]
C  [msvcr100.dll+0x21d9f]
C  [msvcr100.dll+0x21e3b]
C  [KERNEL32.DLL+0x17bd4]
C  [ntdll.dll+0x6ce51]


---------------  P R O C E S S  ---------------

Java Threads: ( => current thread )
  0x000000001ee4c800 JavaThread "Service Thread" daemon [_thread_blocked, id=13452, stack(0x000000001f9a0000,0x000000001faa0000)]
  0x000000001edc4000 JavaThread "C1 CompilerThread3" daemon [_thread_blocked, id=15080, stack(0x000000001f8a0000,0x000000001f9a0000)]
  0x000000001edbf800 JavaThread "C2 CompilerThread2" daemon [_thread_blocked, id=10308, stack(0x000000001f7a0000,0x000000001f8a0000)]
  0x000000001edbe800 JavaThread "C2 CompilerThread1" daemon [_thread_blocked, id=14128, stack(0x000000001f6a0000,0x000000001f7a0000)]
  0x000000001edb6000 JavaThread "C2 CompilerThread0" daemon [_thread_blocked, id=9964, stack(0x000000001f5a0000,0x000000001f6a0000)]
  0x000000001ed3d000 JavaThread "JDWP Command Reader" daemon [_thread_in_native, id=11724, stack(0x000000001f4a0000,0x000000001f5a0000)]
  0x000000001ed3a000 JavaThread "JDWP Event Helper Thread" daemon [_thread_blocked, id=3536, stack(0x000000001f3a0000,0x000000001f4a0000)]
=>0x000000001ed2d000 JavaThread "JDWP Transport Listener: dt_socket" daemon [_thread_in_vm, id=8996, stack(0x000000001f2a0000,0x000000001f3a0000)]
  0x000000001ed23800 JavaThread "Attach Listener" daemon [_thread_blocked, id=8020, stack(0x000000001f1a0000,0x000000001f2a0000)]
  0x000000001ecd8000 JavaThread "Signal Dispatcher" daemon [_thread_blocked, id=13944, stack(0x000000001f0a0000,0x000000001f1a0000)]
  0x0000000003229000 JavaThread "Finalizer" daemon [_thread_blocked, id=5168, stack(0x000000001eba0000,0x000000001eca0000)]
  0x000000001ccac000 JavaThread "Reference Handler" daemon [_thread_blocked, id=6228, stack(0x000000001eaa0000,0x000000001eba0000)]
  0x0000000003132800 JavaThread "main" [_thread_blocked, id=3924, stack(0x0000000002ef0000,0x0000000002ff0000)]

Other Threads:
  0x000000001cca8000 VMThread [stack: 0x000000001e9a0000,0x000000001eaa0000] [id=9268]
  0x000000001ee50000 WatcherThread [stack: 0x000000001faa0000,0x000000001fba0000] [id=480]

VM state:not at safepoint (normal execution)

VM Mutex/Monitor currently owned by a thread: None

Heap:
 PSYoungGen      total 76288K, used 6556K [0x000000076b000000, 0x0000000770500000, 0x00000007c0000000)
  eden space 65536K, 10% used [0x000000076b000000,0x000000076b667030,0x000000076f000000)
  from space 10752K, 0% used [0x000000076fa80000,0x000000076fa80000,0x0000000770500000)
  to   space 10752K, 0% used [0x000000076f000000,0x000000076f000000,0x000000076fa80000)
 ParOldGen       total 175104K, used 0K [0x00000006c1000000, 0x00000006cbb00000, 0x000000076b000000)
  object space 175104K, 0% used [0x00000006c1000000,0x00000006c1000000,0x00000006cbb00000)
 Metaspace       used 3303K, capacity 4600K, committed 4864K, reserved 1056768K
  class space    used 352K, capacity 424K, committed 512K, reserved 1048576K

Card table byte_map: [0x00000000125f0000,0x0000000012df0000] byte_map_base: 0x000000000efe8000

Marking Bits: (ParMarkBitMap*) 0x0000000076d5d4f0
 Begin Bits: [0x0000000013b40000, 0x0000000017b00000)
 End Bits:   [0x0000000017b00000, 0x000000001bac0000)

Polling page: 0x0000000002a50000

CodeCache: size=245760Kb used=1134Kb max_used=1137Kb free=244625Kb
 bounds [0x0000000003230000, 0x00000000034a0000, 0x0000000012230000]
 total_blobs=276 nmethods=32 adapters=166
 compilation: enabled

Compilation events (10 events):
Event: 0.488 Thread 0x000000001edc4000 nmethod 28 0x0000000003347550 code [0x00000000033477c0, 0x0000000003348b18]
Event: 0.488 Thread 0x000000001edc4000   27       3       java.util.HashMap::put (13 bytes)
Event: 0.488 Thread 0x000000001edc4000 nmethod 27 0x00000000033492d0 code [0x0000000003349460, 0x0000000003349818]
Event: 0.488 Thread 0x000000001edc4000   31       3       java.util.HashMap::getNode (148 bytes)
Event: 0.488 Thread 0x000000001edbe800 nmethod 29 0x000000000334c5d0 code [0x000000000334c700, 0x000000000334c798]
Event: 0.488 Thread 0x000000001edc4000 nmethod 31 0x000000000334b710 code [0x000000000334b8e0, 0x000000000334c2c8]
Event: 0.488 Thread 0x000000001edc4000   30       3       java.util.HashMap::hash (20 bytes)
Event: 0.488 Thread 0x000000001edc4000 nmethod 30 0x000000000334b290 code [0x000000000334b400, 0x000000000334b668]
Event: 0.489 Thread 0x000000001edc4000   32       3       java.util.HashMap::get (23 bytes)
Event: 0.489 Thread 0x000000001edc4000 nmethod 32 0x000000000334a410 code [0x000000000334a5a0, 0x000000000334a9b8]

GC Heap History (0 events):
No events

Deoptimization events (0 events):
No events

Internal exceptions (10 events):
Event: 0.413 Thread 0x0000000003132800 Exception <a 'java/security/PrivilegedActionException'> (0x000000076b4046e8) thrown at [C:\workspace\8-2-build-windows-amd64-cygwin\jdk8u31\2394\hotspot\src\share\vm\prims\jvm.cpp, line 1312]
Event: 0.419 Thread 0x0000000003132800 Exception <a 'java/security/PrivilegedActionException'> (0x000000076b41eeb0) thrown at [C:\workspace\8-2-build-windows-amd64-cygwin\jdk8u31\2394\hotspot\src\share\vm\prims\jvm.cpp, line 1312]
Event: 0.420 Thread 0x0000000003132800 Exception <a 'java/security/PrivilegedActionException'> (0x000000076b4251f8) thrown at [C:\workspace\8-2-build-windows-amd64-cygwin\jdk8u31\2394\hotspot\src\share\vm\prims\jvm.cpp, line 1312]
Event: 0.421 Thread 0x0000000003132800 Exception <a 'java/security/PrivilegedActionException'> (0x000000076b42be88) thrown at [C:\workspace\8-2-build-windows-amd64-cygwin\jdk8u31\2394\hotspot\src\share\vm\prims\jvm.cpp, line 1312]
Event: 0.425 Thread 0x0000000003132800 Exception <a 'java/security/PrivilegedActionException'> (0x000000076b434540) thrown at [C:\workspace\8-2-build-windows-amd64-cygwin\jdk8u31\2394\hotspot\src\share\vm\prims\jvm.cpp, line 1312]
Event: 0.426 Thread 0x0000000003132800 Exception <a 'java/security/PrivilegedActionException'> (0x000000076b43cb80) thrown at [C:\workspace\8-2-build-windows-amd64-cygwin\jdk8u31\2394\hotspot\src\share\vm\prims\jvm.cpp, line 1312]
Event: 0.426 Thread 0x0000000003132800 Exception <a 'java/security/PrivilegedActionException'> (0x000000076b444658) thrown at [C:\workspace\8-2-build-windows-amd64-cygwin\jdk8u31\2394\hotspot\src\share\vm\prims\jvm.cpp, line 1312]
Event: 0.428 Thread 0x0000000003132800 Exception <a 'java/security/PrivilegedActionException'> (0x000000076b460418) thrown at [C:\workspace\8-2-build-windows-amd64-cygwin\jdk8u31\2394\hotspot\src\share\vm\prims\jvm.cpp, line 1312]
Event: 0.437 Thread 0x0000000003132800 Exception <a 'java/security/PrivilegedActionException'> (0x000000076b4888d8) thrown at [C:\workspace\8-2-build-windows-amd64-cygwin\jdk8u31\2394\hotspot\src\share\vm\prims\jvm.cpp, line 1312]
Event: 0.486 Thread 0x0000000003132800 Exception <a 'java/security/PrivilegedActionException'> (0x000000076b48fa68) thrown at [C:\workspace\8-2-build-windows-amd64-cygwin\jdk8u31\2394\hotspot\src\share\vm\prims\jvm.cpp, line 1312]

Events (10 events):
Event: 167.279 Executing VM operation: ForceSafepoint
Event: 167.279 Executing VM operation: ForceSafepoint done
Event: 171.943 Executing VM operation: ChangeBreakpoints
Event: 171.943 Executing VM operation: ChangeBreakpoints done
Event: 1143.358 Executing VM operation: GetOrSetLocal
Event: 1143.358 Executing VM operation: GetOrSetLocal done
Event: 1143.358 Executing VM operation: GetOrSetLocal
Event: 1143.358 Executing VM operation: GetOrSetLocal done
Event: 3316.173 Executing VM operation: RedefineClasses
Event: 3316.173 Executing VM operation: RedefineClasses done


Dynamic libraries:
0x00007ff7503d0000 - 0x00007ff750404000 	D:\JDK8\javaSE1.8\jdk1.8\bin\java.exe
0x00007ff99da80000 - 0x00007ff99dc70000 	C:\WINDOWS\SYSTEM32\ntdll.dll
0x00007ff99d0a0000 - 0x00007ff99d152000 	C:\WINDOWS\System32\KERNEL32.DLL
0x00007ff99acf0000 - 0x00007ff99af95000 	C:\WINDOWS\System32\KERNELBASE.dll
0x00007ff99bc60000 - 0x00007ff99bd03000 	C:\WINDOWS\System32\ADVAPI32.dll
0x00007ff99bdf0000 - 0x00007ff99be8e000 	C:\WINDOWS\System32\msvcrt.dll
0x00007ff99d170000 - 0x00007ff99d207000 	C:\WINDOWS\System32\sechost.dll
0x00007ff99c0b0000 - 0x00007ff99c1d0000 	C:\WINDOWS\System32\RPCRT4.dll
0x00007ff99be90000 - 0x00007ff99c025000 	C:\WINDOWS\System32\USER32.dll
0x00007ff99b980000 - 0x00007ff99b9a1000 	C:\WINDOWS\System32\win32u.dll
0x00007ff99d910000 - 0x00007ff99d936000 	C:\WINDOWS\System32\GDI32.dll
0x00007ff99afa0000 - 0x00007ff99b136000 	C:\WINDOWS\System32\gdi32full.dll
0x00007ff99b140000 - 0x00007ff99b1de000 	C:\WINDOWS\System32\msvcp_win.dll
0x00007ff99aa40000 - 0x00007ff99ab3a000 	C:\WINDOWS\System32\ucrtbase.dll
0x00007ff993380000 - 0x00007ff993604000 	C:\WINDOWS\WinSxS\amd64_microsoft.windows.common-controls_6595b64144ccf1df_6.0.18362.1082_none_9e8193e1e45b25c1\COMCTL32.dll
0x00007ff99d270000 - 0x00007ff99d5a5000 	C:\WINDOWS\System32\combase.dll
0x00007ff99ac70000 - 0x00007ff99acf0000 	C:\WINDOWS\System32\bcryptPrimitives.dll
0x00007ff99d5b0000 - 0x00007ff99d5de000 	C:\WINDOWS\System32\IMM32.DLL
0x0000000076de0000 - 0x0000000076eb2000 	D:\JDK8\javaSE1.8\jdk1.8\jre\bin\msvcr100.dll
0x0000000076580000 - 0x0000000076dda000 	D:\JDK8\javaSE1.8\jdk1.8\jre\bin\server\jvm.dll
0x00007ff99c3e0000 - 0x00007ff99c3e8000 	C:\WINDOWS\System32\PSAPI.DLL
0x00007ff998910000 - 0x00007ff998934000 	C:\WINDOWS\SYSTEM32\WINMM.dll
0x00007ff996c90000 - 0x00007ff996c99000 	C:\WINDOWS\SYSTEM32\WSOCK32.dll
0x00007ff99c890000 - 0x00007ff99c8ff000 	C:\WINDOWS\System32\WS2_32.dll
0x00007ff998490000 - 0x00007ff9984bd000 	C:\WINDOWS\SYSTEM32\WINMMBASE.dll
0x00007ff99ac20000 - 0x00007ff99ac6a000 	C:\WINDOWS\System32\cfgmgr32.dll
0x0000000050000000 - 0x000000005000f000 	D:\JDK8\javaSE1.8\jdk1.8\jre\bin\verify.dll
0x0000000076f00000 - 0x0000000076f28000 	D:\JDK8\javaSE1.8\jdk1.8\jre\bin\java.dll
0x0000000076540000 - 0x0000000076575000 	D:\JDK8\javaSE1.8\jdk1.8\jre\bin\jdwp.dll
0x0000000076ed0000 - 0x0000000076ed8000 	D:\JDK8\javaSE1.8\jdk1.8\jre\bin\npt.dll
0x0000000076510000 - 0x0000000076533000 	D:\JDK8\javaSE1.8\jdk1.8\jre\bin\instrument.dll
0x0000000076ee0000 - 0x0000000076ef6000 	D:\JDK8\javaSE1.8\jdk1.8\jre\bin\zip.dll
0x00007ff99c900000 - 0x00007ff99cfe7000 	C:\WINDOWS\System32\SHELL32.dll
0x00007ff99cff0000 - 0x00007ff99d099000 	C:\WINDOWS\System32\shcore.dll
0x00007ff99b200000 - 0x00007ff99b980000 	C:\WINDOWS\System32\windows.storage.dll
0x00007ff99a960000 - 0x00007ff99a983000 	C:\WINDOWS\System32\profapi.dll
0x00007ff99a990000 - 0x00007ff99a9da000 	C:\WINDOWS\System32\powrprof.dll
0x00007ff99a910000 - 0x00007ff99a920000 	C:\WINDOWS\System32\UMPDC.dll
0x00007ff99bd90000 - 0x00007ff99bde2000 	C:\WINDOWS\System32\shlwapi.dll
0x00007ff99a920000 - 0x00007ff99a931000 	C:\WINDOWS\System32\kernel.appcore.dll
0x00007ff99b1e0000 - 0x00007ff99b1f7000 	C:\WINDOWS\System32\cryptsp.dll
0x0000000076500000 - 0x0000000076509000 	D:\JDK8\javaSE1.8\jdk1.8\jre\bin\dt_socket.dll
0x00007ff99a100000 - 0x00007ff99a167000 	C:\WINDOWS\system32\mswsock.dll
0x00007ff98d0f0000 - 0x00007ff98d2e4000 	C:\WINDOWS\SYSTEM32\dbghelp.dll

VM Arguments:
jvm_args: -agentlib:jdwp=transport=dt_socket,address=127.0.0.1:5048,suspend=y,server=n -javaagent:C:\Users\Administrator\.IntelliJIdea2018.1\system\captureAgent\debugger-agent.jar=file:/C:/Users/Administrator/AppData/Local/Temp/capture.props -Dfile.encoding=UTF-8 
java_command: com.lyq3.evil.corp.dfa.TrieNodeBuilder
java_class_path (initial): D:\JDK8\javaSE1.8\jdk1.8\jre\lib\charsets.jar;D:\JDK8\javaSE1.8\jdk1.8\jre\lib\deploy.jar;D:\JDK8\javaSE1.8\jdk1.8\jre\lib\ext\access-bridge-64.jar;D:\JDK8\javaSE1.8\jdk1.8\jre\lib\ext\cldrdata.jar;D:\JDK8\javaSE1.8\jdk1.8\jre\lib\ext\dnsns.jar;D:\JDK8\javaSE1.8\jdk1.8\jre\lib\ext\jaccess.jar;D:\JDK8\javaSE1.8\jdk1.8\jre\lib\ext\jfxrt.jar;D:\JDK8\javaSE1.8\jdk1.8\jre\lib\ext\localedata.jar;D:\JDK8\javaSE1.8\jdk1.8\jre\lib\ext\nashorn.jar;D:\JDK8\javaSE1.8\jdk1.8\jre\lib\ext\sunec.jar;D:\JDK8\javaSE1.8\jdk1.8\jre\lib\ext\sunjce_provider.jar;D:\JDK8\javaSE1.8\jdk1.8\jre\lib\ext\sunmscapi.jar;D:\JDK8\javaSE1.8\jdk1.8\jre\lib\ext\sunpkcs11.jar;D:\JDK8\javaSE1.8\jdk1.8\jre\lib\ext\zipfs.jar;D:\JDK8\javaSE1.8\jdk1.8\jre\lib\javaws.jar;D:\JDK8\javaSE1.8\jdk1.8\jre\lib\jce.jar;D:\JDK8\javaSE1.8\jdk1.8\jre\lib\jfr.jar;D:\JDK8\javaSE1.8\jdk1.8\jre\lib\jfxswt.jar;D:\JDK8\javaSE1.8\jdk1.8\jre\lib\jsse.jar;D:\JDK8\javaSE1.8\jdk1.8\jre\lib\management-agent.jar;D:\JDK8\javaSE1.8\jdk1.8\jre\lib\plugin.jar;D:\JDK8\javaSE1.8\jdk1.8\jre\lib\resources.jar;D:\JDK8\javaSE1.8\jdk1.8\jre\lib\rt.jar;E:\Coding\evil-corp\target\classes;D:\IDEA\IntelliJ IDEA 2018.1.2\lib\idea_rt.jar;C:\Users\Administrator\.IntelliJIdea2018.1\system\captureAgent\debugger-agent.jar
Launcher Type: SUN_STANDARD

Environment Variables:
JAVA_HOME=D:\JDK8\javaSE1.8\jdk1.8
PATH=C:\Program Files\Docker\Docker\Resources\bin;C:\Windows\system32;C:\Windows;C:\Windows\System32\Wbem;C:\Windows\System32\WindowsPowerShell\v1.0\;D:\JDK8\javaSE1.8\jdk1.8\bin;D:\JDK8\javaSE1.8\jdk1.8\jre\bin;D:\maven3.5\apache-maven-3.5.3-bin\apache-maven-3.5.3\bin;D:\Git\Git\cmd;D:\Git\Git\mingw64\bin;D:\Git\Git\usr\bin;C:\Program Files (x86)\NVIDIA Corporation\PhysX\Common;D:\NodeJS\;C:\WINDOWS\system32;C:\WINDOWS;C:\WINDOWS\System32\Wbem;C:\WINDOWS\System32\WindowsPowerShell\v1.0\;C:\WINDOWS\System32\OpenSSH\;D:\GoLang\bin;C:\Program Files (x86)\scala\bin;D:\Python\Scripts\;D:\Python\;C:\Users\Administrator\AppData\Local\Microsoft\WindowsApps;D:\VSCode\Microsoft VS Code\bin;C:\Users\Administrator\AppData\Roaming\npm;C:\Users\Administrator\go\bin;C:\Users\Administrator\AppData\Local\BypassRuntm
USERNAME=Admin
OS=Windows_NT
PROCESSOR_IDENTIFIER=Intel64 Family 6 Model 158 Stepping 9, GenuineIntel



---------------  S Y S T E M  ---------------

OS: Windows 8.1 , 64 bit Build 9600 

CPU:total 8 (4 cores per cpu, 2 threads per core) family 6 model 158 stepping 9, cmov, cx8, fxsr, mmx, sse, sse2, sse3, ssse3, sse4.1, sse4.2, popcnt, avx, avx2, aes, clmul, erms, rtm, lzcnt, ht, tsc, tscinvbit, bmi1, bmi2

Memory: 4k page, physical 16705976k(8688104k free), swap 17754552k(2638248k free)

vm_info: Java HotSpot(TM) 64-Bit Server VM (25.31-b07) for windows-amd64 JRE (1.8.0_31-b13), built on Dec 17 2014 21:00:28 by "java_re" with MS VC++ 10.0 (VS2010)

time: Tue Oct 13 22:36:40 2020
elapsed time: 3316 seconds (0d 0h 55m 16s)

